ERROR:root:Error fetching https://data.solanatracker.io/v1/chart/DezXAZ8z7PnrnRJjz3wXBoRgixCa6xjnB7YaB1pPB263: 403 Client Error: Forbidden for url: https://data.solanatracker.io/v1/chart/DezXAZ8z7PnrnRJjz3wXBoRgixCa6xjnB7YaB1pPB263?type=12h&marketCap=true&liquidity=true&removeOutliers=true
ERROR:root:Error fetching https://data.solanatracker.io/v1/tokens/DezXAZ8z7PnrnRJjz3wXBoRgixCa6xjnB7YaB1pPB263: 403 Client Error: Forbidden for url: https://data.solanatracker.io/v1/tokens/DezXAZ8z7PnrnRJjz3wXBoRgixCa6xjnB7YaB1pPB263
ERROR:root:Error fetching https://data.solanatracker.io/v1/stats/DezXAZ8z7PnrnRJjz3wXBoRgixCa6xjnB7YaB1pPB263: 403 Client Error: Forbidden for url: https://data.solanatracker.io/v1/stats/DezXAZ8z7PnrnRJjz3wXBoRgixCa6xjnB7YaB1pPB263
ERROR:root:Error fetching https://data.solanatracker.io/v1/tokens/DezXAZ8z7PnrnRJjz3wXBoRgixCa6xjnB7YaB1pPB263/holders: 403 Client Error: Forbidden for url: https://data.solanatracker.io/v1/tokens/DezXAZ8z7PnrnRJjz3wXBoRgixCa6xjnB7YaB1pPB263/holders
ERROR:root:Error fetching https://data.solanatracker.io/v1/price/history/range: 403 Client Error: Forbidden for url: https://data.solanatracker.io/v1/price/history/range?token=DezXAZ8z7PnrnRJjz3wXBoRgixCa6xjnB7YaB1pPB263
ERROR:root:Error fetching https://data.solanatracker.io/v1/chart/DezXAZ8z7PnrnRJjz3wXBoRgixCa6xjnB7YaB1pPB263: 403 Client Error: Forbidden for url: https://data.solanatracker.io/v1/chart/DezXAZ8z7PnrnRJjz3wXBoRgixCa6xjnB7YaB1pPB263?type=12h&marketCap=true&liquidity=true&removeOutliers=true
ERROR:root:Error fetching https://data.solanatracker.io/v1/tokens/DezXAZ8z7PnrnRJjz3wXBoRgixCa6xjnB7YaB1pPB263: 403 Client Error: Forbidden for url: https://data.solanatracker.io/v1/tokens/DezXAZ8z7PnrnRJjz3wXBoRgixCa6xjnB7YaB1pPB263
ERROR:root:Error fetching https://data.solanatracker.io/v1/stats/DezXAZ8z7PnrnRJjz3wXBoRgixCa6xjnB7YaB1pPB263: 403 Client Error: Forbidden for url: https://data.solanatracker.io/v1/stats/DezXAZ8z7PnrnRJjz3wXBoRgixCa6xjnB7YaB1pPB263
ERROR:root:Error fetching https://data.solanatracker.io/v1/tokens/DezXAZ8z7PnrnRJjz3wXBoRgixCa6xjnB7YaB1pPB263/holders: 403 Client Error: Forbidden for url: https://data.solanatracker.io/v1/tokens/DezXAZ8z7PnrnRJjz3wXBoRgixCa6xjnB7YaB1pPB263/holders
ERROR:root:Error fetching https://data.solanatracker.io/v1/price/history/range: 403 Client Error: Forbidden for url: https://data.solanatracker.io/v1/price/history/range?token=DezXAZ8z7PnrnRJjz3wXBoRgixCa6xjnB7YaB1pPB263
ERROR:root:Error fetching https://public-api.solanatracker.io/v1/chart/DezXAZ8z7PnrnRJjz3wXBoRgixCa6xjnB7YaB1pPB263: 404 Client Error: Not Found for url: https://public-api.solanatracker.io/v1/chart/DezXAZ8z7PnrnRJjz3wXBoRgixCa6xjnB7YaB1pPB263?type=12h&marketCap=true&liquidity=true&removeOutliers=true
ERROR:root:Error fetching https://public-api.solanatracker.io/v1/tokens/DezXAZ8z7PnrnRJjz3wXBoRgixCa6xjnB7YaB1pPB263: 404 Client Error: Not Found for url: https://public-api.solanatracker.io/v1/tokens/DezXAZ8z7PnrnRJjz3wXBoRgixCa6xjnB7YaB1pPB263
ERROR:root:Error fetching https://public-api.solanatracker.io/v1/stats/DezXAZ8z7PnrnRJjz3wXBoRgixCa6xjnB7YaB1pPB263: 404 Client Error: Not Found for url: https://public-api.solanatracker.io/v1/stats/DezXAZ8z7PnrnRJjz3wXBoRgixCa6xjnB7YaB1pPB263
ERROR:root:Error fetching https://public-api.solanatracker.io/v1/tokens/DezXAZ8z7PnrnRJjz3wXBoRgixCa6xjnB7YaB1pPB263/holders: 404 Client Error: Not Found for url: https://public-api.solanatracker.io/v1/tokens/DezXAZ8z7PnrnRJjz3wXBoRgixCa6xjnB7YaB1pPB263/holders
ERROR:root:Error fetching https://public-api.solanatracker.io/v1/price/history/range: 404 Client Error: Not Found for url: https://public-api.solanatracker.io/v1/price/history/range?token=DezXAZ8z7PnrnRJjz3wXBoRgixCa6xjnB7YaB1pPB263
ERROR:root:Error fetching https://public-api.solanatracker.io/v1/chart/DezXAZ8z7PnrnRJjz3wXBoRgixCa6xjnB7YaB1pPB263: 404 Client Error: Not Found for url: https://public-api.solanatracker.io/v1/chart/DezXAZ8z7PnrnRJjz3wXBoRgixCa6xjnB7YaB1pPB263?type=12h&marketCap=true&liquidity=true&removeOutliers=true
ERROR:root:Error fetching https://public-api.solanatracker.io/v1/tokens/DezXAZ8z7PnrnRJjz3wXBoRgixCa6xjnB7YaB1pPB263: 404 Client Error: Not Found for url: https://public-api.solanatracker.io/v1/tokens/DezXAZ8z7PnrnRJjz3wXBoRgixCa6xjnB7YaB1pPB263
ERROR:root:Error fetching https://public-api.solanatracker.io/v1/stats/DezXAZ8z7PnrnRJjz3wXBoRgixCa6xjnB7YaB1pPB263: 404 Client Error: Not Found for url: https://public-api.solanatracker.io/v1/stats/DezXAZ8z7PnrnRJjz3wXBoRgixCa6xjnB7YaB1pPB263
ERROR:root:Error fetching https://public-api.solanatracker.io/v1/tokens/DezXAZ8z7PnrnRJjz3wXBoRgixCa6xjnB7YaB1pPB263/holders: 404 Client Error: Not Found for url: https://public-api.solanatracker.io/v1/tokens/DezXAZ8z7PnrnRJjz3wXBoRgixCa6xjnB7YaB1pPB263/holders
ERROR:root:Error fetching https://public-api.solanatracker.io/v1/price/history/range: 404 Client Error: Not Found for url: https://public-api.solanatracker.io/v1/price/history/range?token=DezXAZ8z7PnrnRJjz3wXBoRgixCa6xjnB7YaB1pPB263
